  tutorial.cpp
  title.cpp
  start_logo.cpp
  sound.cpp
  score.cpp
c:\users\gsp057\desktop\other\2年冬 ハッカソン\hgs\score.cpp(110): warning C4244: '引数': 'int' から 'float' への変換です。データが失われる可能性があります。
c:\users\gsp057\desktop\other\2年冬 ハッカソン\hgs\score.cpp(110): warning C4244: '引数': 'float' から 'const int' への変換です。データが失われる可能性があります。
  scene3d.cpp
  scene2d.cpp
  scene.cpp
  result.cpp
  renderer.cpp
  ranking.cpp
  polygon.cpp
  player.cpp
  pause.cpp
  particle.cpp
  number.cpp
  mouse.cpp
c:\users\gsp057\desktop\other\2年冬 ハッカソン\hgs\mouse.cpp(105): warning C4244: '引数': 'LONG' から 'FLOAT' への変換です。データが失われる可能性があります。
c:\users\gsp057\desktop\other\2年冬 ハッカソン\hgs\mouse.cpp(111): warning C4244: '=': 'float' から 'LONG' への変換です。データが失われる可能性があります。
c:\users\gsp057\desktop\other\2年冬 ハッカソン\hgs\mouse.cpp(112): warning C4244: '=': 'float' から 'LONG' への変換です。データが失われる可能性があります。
  motion.cpp
  model_hierarchy.cpp
  model.cpp
  コードを生成中...
  コンパイル中...
  manager.cpp
  main.cpp
  keyboard.cpp
  joypad.cpp
c:\users\gsp057\desktop\other\2年冬 ハッカソン\hgs\joypad.cpp(58): warning C4311: '型キャスト': ポインターを 'HRESULT *' から 'HRESULT' へ切り詰めます。
c:\users\gsp057\desktop\other\2年冬 ハッカソン\hgs\joypad.cpp(58): warning C4302: '型キャスト': 'HRESULT *' から 'HRESULT' へ切り詰めます。
  input.cpp
  grid.cpp
  diplay_off.cpp
  game.cpp
  fade.cpp
c:\users\gsp057\desktop\other\2年冬 ハッカソン\hgs\fade.cpp(25): warning C4244: '引数': 'float' から 'DWORD' への変換です。データが失われる可能性があります。
  enemy.cpp
c:\users\gsp057\desktop\other\2年冬 ハッカソン\hgs\enemy.cpp(129): warning C4244: '=': 'float' から 'int' への変換です。データが失われる可能性があります。
c:\users\gsp057\desktop\other\2年冬 ハッカソン\hgs\enemy.cpp(133): warning C4244: '=': 'float' から 'int' への変換です。データが失われる可能性があります。
  diplay_on.cpp
  debug_log.cpp
  collision.cpp
  camera.cpp
  break_effect.cpp
  bullet.cpp
  bg.cpp
  コードを生成中...
title.obj : error LNK2001: 外部シンボル "D3DXCreateTextureFromFileA" は未解決です。
tutorial.obj : error LNK2001: 外部シンボル "D3DXCreateTextureFromFileA" は未解決です。
pause.obj : error LNK2001: 外部シンボル "D3DXCreateTextureFromFileA" は未解決です。
player.obj : error LNK2001: 外部シンボル "D3DXCreateTextureFromFileA" は未解決です。
result.obj : error LNK2001: 外部シンボル "D3DXCreateTextureFromFileA" は未解決です。
start_logo.obj : error LNK2001: 外部シンボル "D3DXCreateTextureFromFileA" は未解決です。
diplay_off.obj : error LNK2001: 外部シンボル "D3DXCreateTextureFromFileA" は未解決です。
grid.obj : error LNK2001: 外部シンボル "D3DXCreateTextureFromFileA" は未解決です。
number.obj : error LNK2001: 外部シンボル "D3DXCreateTextureFromFileA" は未解決です。
particle.obj : error LNK2001: 外部シンボル "D3DXCreateTextureFromFileA" は未解決です。
bg.obj : error LNK2001: 外部シンボル "D3DXCreateTextureFromFileA" は未解決です。
bullet.obj : error LNK2001: 外部シンボル "D3DXCreateTextureFromFileA" は未解決です。
diplay_on.obj : error LNK2001: 外部シンボル "D3DXCreateTextureFromFileA" は未解決です。
enemy.obj : error LNK2001: 外部シンボル "D3DXCreateTextureFromFileA" は未解決です。
camera.obj : error LNK2019: 未解決の外部シンボル D3DXMatrixLookAtLH が関数 "public: void __cdecl CCamera::SetCamera(void)" (?SetCamera@CCamera@@QEAAXXZ) で参照されました。
camera.obj : error LNK2019: 未解決の外部シンボル D3DXMatrixPerspectiveFovLH が関数 "public: void __cdecl CCamera::SetCamera(void)" (?SetCamera@CCamera@@QEAAXXZ) で参照されました。
debug_log.obj : error LNK2019: 未解決の外部シンボル D3DXCreateFontA が関数 "public: static long __cdecl CDebugLog::Init(void)" (?Init@CDebugLog@@SAJXZ) で参照されました。
renderer.obj : error LNK2001: 外部シンボル "D3DXCreateFontA" は未解決です。
input.obj : error LNK2019: 未解決の外部シンボル DirectInput8Create が関数 "public: virtual long __cdecl CInput::Init(struct HINSTANCE__ *,struct HWND__ *)" (?Init@CInput@@UEAAJPEAUHINSTANCE__@@PEAUHWND__@@@Z) で参照されました。
joypad.obj : error LNK2001: 外部シンボル "DirectInput8Create" は未解決です。
input.obj : error LNK2001: 外部シンボル "IID_IDirectInput8A" は未解決です。
joypad.obj : error LNK2001: 外部シンボル "IID_IDirectInput8A" は未解決です。
joypad.obj : error LNK2001: 外部シンボル "c_dfDIJoystick" は未解決です。
keyboard.obj : error LNK2001: 外部シンボル "GUID_SysKeyboard" は未解決です。
keyboard.obj : error LNK2001: 外部シンボル "c_dfDIKeyboard" は未解決です。
model.obj : error LNK2019: 未解決の外部シンボル D3DXMatrixMultiply が関数 "public: virtual void __cdecl CModel::Draw(void)" (?Draw@CModel@@UEAAXXZ) で参照されました。
model_hierarchy.obj : error LNK2001: 外部シンボル "D3DXMatrixMultiply" は未解決です。
scene3d.obj : error LNK2001: 外部シンボル "D3DXMatrixMultiply" は未解決です。
model.obj : error LNK2019: 未解決の外部シンボル D3DXMatrixScaling が関数 "public: virtual void __cdecl CModel::Draw(void)" (?Draw@CModel@@UEAAXXZ) で参照されました。
scene3d.obj : error LNK2001: 外部シンボル "D3DXMatrixScaling" は未解決です。
model.obj : error LNK2019: 未解決の外部シンボル D3DXMatrixTranslation が関数 "public: virtual void __cdecl CModel::Draw(void)" (?Draw@CModel@@UEAAXXZ) で参照されました。
model_hierarchy.obj : error LNK2001: 外部シンボル "D3DXMatrixTranslation" は未解決です。
scene3d.obj : error LNK2001: 外部シンボル "D3DXMatrixTranslation" は未解決です。
model.obj : error LNK2019: 未解決の外部シンボル D3DXMatrixRotationYawPitchRoll が関数 "public: virtual void __cdecl CModel::Draw(void)" (?Draw@CModel@@UEAAXXZ) で参照されました。
model_hierarchy.obj : error LNK2001: 外部シンボル "D3DXMatrixRotationYawPitchRoll" は未解決です。
scene3d.obj : error LNK2001: 外部シンボル "D3DXMatrixRotationYawPitchRoll" は未解決です。
model_hierarchy.obj : error LNK2019: 未解決の外部シンボル D3DXLoadMeshFromXA が関数 "public: static void __cdecl CModelHierarchy::LoadModels(char *,struct CModel::Model *,int *)" (?LoadModels@CModelHierarchy@@SAXPEADPEAUModel@CModel@@PEAH@Z) で参照されました。
mouse.obj : error LNK2001: 外部シンボル "GUID_SysMouse" は未解決です。
mouse.obj : error LNK2001: 外部シンボル "c_dfDIMouse" は未解決です。
renderer.obj : error LNK2019: 未解決の外部シンボル Direct3DCreate9 が関数 "public: long __cdecl CRenderer::Init(struct HWND__ *,bool)" (?Init@CRenderer@@QEAAJPEAUHWND__@@_N@Z) で参照されました。
C:\Program Files (x86)\Microsoft DirectX SDK (June 2010)\Lib\x86\d3d9.lib : warning LNK4272: ライブラリのコンピューターの種類 'X86' がターゲットのコンピューターの種類' x64' と競合しています
C:\Program Files (x86)\Microsoft DirectX SDK (June 2010)\Lib\x86\d3dx9.lib : warning LNK4272: ライブラリのコンピューターの種類 'X86' がターゲットのコンピューターの種類' x64' と競合しています
C:\Program Files (x86)\Microsoft DirectX SDK (June 2010)\Lib\x86\dxguid.lib : warning LNK4272: ライブラリのコンピューターの種類 'X86' がターゲットのコンピューターの種類' x64' と競合しています
C:\Program Files (x86)\Microsoft DirectX SDK (June 2010)\Lib\x86\dinput8.lib : warning LNK4272: ライブラリのコンピューターの種類 'X86' がターゲットのコンピューターの種類' x64' と競合しています
C:\Users\GSP057\Desktop\other\2年冬 ハッカソン\x64\Debug\HGS.exe : fatal error LNK1120: 17 件の未解決の外部参照
